Arguments: 
  /usr/bin/node /usr/local/bin/yarn install

PATH: 
  /usr/local/sbin:/usr/local/bin:/usr/sbin:/usr/bin:/sbin:/bin:/usr/games:/usr/local/games:/snap/bin

Yarn version: 
  1.22.17

Node version: 
  10.19.0

Platform: 
  linux x64

Trace: 
  Error: EACCES: permission denied, open '/home/mike/projects/mmo/yarn.lock'

npm manifest: 
  {
    "private": true,
    "workspaces": [
      "packages/*"
    ],
    "dependencies": {}
  }

yarn manifest: 
  No manifest

Lockfile: 
  # THIS IS AN AUTOGENERATED FILE. DO NOT EDIT THIS FILE DIRECTLY.
  # yarn lockfile v1
