Arguments: 
  /usr/bin/node /usr/share/yarn/bin/yarn.js add -D tsc-watch

PATH: 
  /usr/local/sbin:/usr/local/bin:/usr/sbin:/usr/bin:/sbin:/bin:/usr/games:/usr/local/games:/snap/bin

Yarn version: 
  1.22.19

Node version: 
  16.16.0

Platform: 
  linux x64

Trace: 
  Error: https://registry.yarnpkg.com/@permadeath%2futils: Not found
      at Request.params.callback [as _callback] (/usr/share/yarn/lib/cli.js:66145:18)
      at Request.self.callback (/usr/share/yarn/lib/cli.js:140890:22)
      at Request.emit (node:events:527:28)
      at Request.<anonymous> (/usr/share/yarn/lib/cli.js:141862:10)
      at Request.emit (node:events:527:28)
      at IncomingMessage.<anonymous> (/usr/share/yarn/lib/cli.js:141784:12)
      at Object.onceWrapper (node:events:641:28)
      at IncomingMessage.emit (node:events:539:35)
      at endReadableNT (node:internal/streams/readable:1345:12)
      at processTicksAndRejections (node:internal/process/task_queues:83:21)

npm manifest: 
  {
    "name": "@permadeath/game",
    "version": "1.0.0",
    "main": "dist/index",
    "typings": "dist/index",
    "license": "MIT",
    "type": "commonjs",
    "scripts": {
      "build": "rimraf dist && tsc",
      "watch": "tsc --watch",
      "preserve": "npm run build",
      "serve": "concurrently \"tsc --watch\""
    },
    "devDependencies": {
      "@types/matter-js": "^0.18.1",
      "@types/node": "18.6.2",
      "concurrently": "^6.2.2",
      "nodemon": "^2.0.13",
      "rimraf": "^3.0.2",
      "typescript": "^4.4.3"
    },
    "dependencies": {
      "matter-js": "^0.18.0",
      "@permadeath/utils": "*"
    }
  }

yarn manifest: 
  No manifest

Lockfile: 
  No lockfile
